Determining if the pthread_create exist failed with the following output:
Change Dir: /home/marsupial/marsupial/build/CMakeFiles/CMakeTmp

Run Build Command:/usr/bin/make "cmTryCompileExec3165649685/fast"
/usr/bin/make -f CMakeFiles/cmTryCompileExec3165649685.dir/build.make CMakeFiles/cmTryCompileExec3165649685.dir/build
make[1]: Entering directory `/home/marsupial/marsupial/build/CMakeFiles/CMakeTmp'
/usr/bin/cmake -E cmake_progress_report /home/marsupial/marsupial/build/CMakeFiles/CMakeTmp/CMakeFiles 1
Building C object CMakeFiles/cmTryCompileExec3165649685.dir/CheckSymbolExists.c.o
/usr/bin/cc    -o CMakeFiles/cmTryCompileExec3165649685.dir/CheckSymbolExists.c.o   -c /home/marsupial/marsupial/build/CMakeFiles/CMakeTmp/CheckSymbolExists.c
Linking C executable cmTryCompileExec3165649685
/usr/bin/cmake -E cmake_link_script CMakeFiles/cmTryCompileExec3165649685.dir/link.txt --verbose=1
/usr/bin/cc       CMakeFiles/cmTryCompileExec3165649685.dir/CheckSymbolExists.c.o  -o cmTryCompileExec3165649685 -rdynamic 
CMakeFiles/cmTryCompileExec3165649685.dir/CheckSymbolExists.c.o: In function `main':
CheckSymbolExists.c:(.text+0xa): undefined reference to `pthread_create'
collect2: error: ld returned 1 exit status
make[1]: Leaving directory `/home/marsupial/marsupial/build/CMakeFiles/CMakeTmp'
make[1]: *** [cmTryCompileExec3165649685] Error 1
make: *** [cmTryCompileExec3165649685/fast] Error 2

File /home/marsupial/marsupial/build/CMakeFiles/CMakeTmp/CheckSymbolExists.c:
/* */
#include <pthread.h>

int main(int argc, char** argv)
{
  (void)argv;
#ifndef pthread_create
  return ((int*)(&pthread_create))[argc];
#else
  (void)argc;
  return 0;
#endif
}

Determining if the function pthread_create exists in the pthreads failed with the following output:
Change Dir: /home/marsupial/marsupial/build/CMakeFiles/CMakeTmp

Run Build Command:/usr/bin/make "cmTryCompileExec2532248203/fast"
/usr/bin/make -f CMakeFiles/cmTryCompileExec2532248203.dir/build.make CMakeFiles/cmTryCompileExec2532248203.dir/build
make[1]: Entering directory `/home/marsupial/marsupial/build/CMakeFiles/CMakeTmp'
/usr/bin/cmake -E cmake_progress_report /home/marsupial/marsupial/build/CMakeFiles/CMakeTmp/CMakeFiles 1
Building C object CMakeFiles/cmTryCompileExec2532248203.dir/CheckFunctionExists.c.o
/usr/bin/cc   -DCHECK_FUNCTION_EXISTS=pthread_create   -o CMakeFiles/cmTryCompileExec2532248203.dir/CheckFunctionExists.c.o   -c /usr/share/cmake-2.8/Modules/CheckFunctionExists.c
Linking C executable cmTryCompileExec2532248203
/usr/bin/cmake -E cmake_link_script CMakeFiles/cmTryCompileExec2532248203.dir/link.txt --verbose=1
/usr/bin/cc   -DCHECK_FUNCTION_EXISTS=pthread_create    CMakeFiles/cmTryCompileExec2532248203.dir/CheckFunctionExists.c.o  -o cmTryCompileExec2532248203 -rdynamic -lpthreads 
/usr/bin/ld: cannot find -lpthreads
collect2: error: ld returned 1 exit status
make[1]: Leaving directory `/home/marsupial/marsupial/build/CMakeFiles/CMakeTmp'
make[1]: *** [cmTryCompileExec2532248203] Error 1
make: *** [cmTryCompileExec2532248203/fast] Error 2


